<?xml version="1.0" encoding="UTF-8"?>
<testsuite xmlns:xsi="http://www.w3.org/2001/XMLSchema-instance" xsi:noNamespaceSchemaLocation="https://maven.apache.org/surefire/maven-surefire-plugin/xsd/surefire-test-report.xsd" name="routing.RouterTest" time="0.996" tests="2" errors="2" skipped="0" failures="0">
  <properties>
[...]
</properties>
  <testcase name="dijkstraTest" classname="routing.RouterTest" time="0.967">
    <error message="&apos;void com.elena.elena.routing.YenRouter.&lt;init&gt;(int, com.elena.elena.routing.Algorithm)&apos;" type="java.lang.NoSuchMethodError"><![CDATA[java.lang.NoSuchMethodError: 'void com.elena.elena.routing.YenRouter.<init>(int, com.elena.elena.routing.Algorithm)'
	at routing.RouterTest.setUp(RouterTest.java:37)
]]></error>
    <system-out><![CDATA[23:36:35.811 [main] DEBUG org.springframework.test.context.junit4.SpringJUnit4ClassRunner - SpringJUnit4ClassRunner constructor called with [class com.elena.elena.autocomplete.AutoCompleteTest]
23:36:35.818 [main] DEBUG org.springframework.test.context.BootstrapUtils - Instantiating CacheAwareContextLoaderDelegate from class [org.springframework.test.context.cache.DefaultCacheAwareContextLoaderDelegate]
23:36:35.833 [main] DEBUG org.springframework.test.context.BootstrapUtils - Instantiating BootstrapContext using constructor [public org.springframework.test.context.support.DefaultBootstrapContext(java.lang.Class,org.springframework.test.context.CacheAwareContextLoaderDelegate)]
23:36:35.869 [main] DEBUG org.springframework.test.context.BootstrapUtils - Instantiating TestContextBootstrapper for test class [com.elena.elena.autocomplete.AutoCompleteTest] from class [org.springframework.test.context.support.DefaultTestContextBootstrapper]
23:36:35.902 [main] DEBUG org.springframework.test.context.support.AbstractDelegatingSmartContextLoader - Delegating to AnnotationConfigContextLoader to process context configuration [ContextConfigurationAttributes@692f203f declaringClass = 'com.elena.elena.autocomplete.AutoCompleteTest', classes = '{class com.elena.elena.TestConfiguration}', locations = '{}', inheritLocations = true, initializers = '{}', inheritInitializers = true, name = [null], contextLoaderClass = 'org.springframework.test.context.ContextLoader'].
23:36:35.954 [main] DEBUG org.springframework.test.context.support.ActiveProfilesUtils - Could not find an 'annotation declaring class' for annotation type [org.springframework.test.context.ActiveProfiles] and class [com.elena.elena.autocomplete.AutoCompleteTest]
23:36:35.955 [main] DEBUG org.springframework.test.context.support.DefaultTestContextBootstrapper - @TestExecutionListeners is not present for class [com.elena.elena.autocomplete.AutoCompleteTest]: using defaults.
23:36:35.956 [main] INFO org.springframework.test.context.support.DefaultTestContextBootstrapper - Loaded default TestExecutionListener class names from location [META-INF/spring.factories]: [org.springframework.boot.test.mock.mockito.MockitoTestExecutionListener, org.springframework.boot.test.mock.mockito.ResetMocksTestExecutionListener, org.springframework.boot.test.autoconfigure.restdocs.RestDocsTestExecutionListener, org.springframework.boot.test.autoconfigure.web.client.MockRestServiceServerResetTestExecutionListener, org.springframework.boot.test.autoconfigure.web.servlet.MockMvcPrintOnlyOnFailureTestExecutionListener, org.springframework.boot.test.autoconfigure.web.servlet.WebDriverTestExecutionListener, org.springframework.test.context.web.ServletTestExecutionListener, org.springframework.test.context.support.DirtiesContextBeforeModesTestExecutionListener, org.springframework.test.context.support.DependencyInjectionTestExecutionListener, org.springframework.test.context.support.DirtiesContextTestExecutionListener, org.springframework.test.context.transaction.TransactionalTestExecutionListener, org.springframework.test.context.jdbc.SqlScriptsTestExecutionListener, org.springframework.test.context.event.EventPublishingTestExecutionListener]
23:36:35.980 [main] INFO org.springframework.test.context.support.DefaultTestContextBootstrapper - Using TestExecutionListeners: [org.springframework.test.context.web.ServletTestExecutionListener@c03cf28, org.springframework.test.context.support.DirtiesContextBeforeModesTestExecutionListener@1329eff, org.springframework.boot.test.mock.mockito.MockitoTestExecutionListener@6497b078, org.springframework.test.context.support.DependencyInjectionTestExecutionListener@41c2284a, org.springframework.test.context.support.DirtiesContextTestExecutionListener@53aad5d5, org.springframework.test.context.transaction.TransactionalTestExecutionListener@46fa7c39, org.springframework.test.context.jdbc.SqlScriptsTestExecutionListener@1fb700ee, org.springframework.test.context.event.EventPublishingTestExecutionListener@4f67eb2a, org.springframework.boot.test.mock.mockito.ResetMocksTestExecutionListener@4a668b6e, org.springframework.boot.test.autoconfigure.restdocs.RestDocsTestExecutionListener@5f683daf, org.springframework.boot.test.autoconfigure.web.client.MockRestServiceServerResetTestExecutionListener@78ffe6dc, org.springframework.boot.test.autoconfigure.web.servlet.MockMvcPrintOnlyOnFailureTestExecutionListener@8317c52, org.springframework.boot.test.autoconfigure.web.servlet.WebDriverTestExecutionListener@76f2bbc1]
23:36:35.986 [main] DEBUG org.springframework.test.annotation.ProfileValueUtils - Retrieved @ProfileValueSourceConfiguration [null] for test class [com.elena.elena.autocomplete.AutoCompleteTest]
23:36:35.988 [main] DEBUG org.springframework.test.annotation.ProfileValueUtils - Retrieved ProfileValueSource type [class org.springframework.test.annotation.SystemProfileValueSource] for class [com.elena.elena.autocomplete.AutoCompleteTest]
23:36:36.004 [main] DEBUG org.springframework.test.context.junit4.SpringJUnit4ClassRunner - SpringJUnit4ClassRunner constructor called with [class com.elena.elena.routing.RouterTest]
23:36:36.005 [main] DEBUG org.springframework.test.context.BootstrapUtils - Instantiating CacheAwareContextLoaderDelegate from class [org.springframework.test.context.cache.DefaultCacheAwareContextLoaderDelegate]
23:36:36.008 [main] DEBUG org.springframework.test.context.BootstrapUtils - Instantiating BootstrapContext using constructor [public org.springframework.test.context.support.DefaultBootstrapContext(java.lang.Class,org.springframework.test.context.CacheAwareContextLoaderDelegate)]
23:36:36.009 [main] DEBUG org.springframework.test.context.BootstrapUtils - Instantiating TestContextBootstrapper for test class [com.elena.elena.routing.RouterTest] from class [org.springframework.test.context.support.DefaultTestContextBootstrapper]
23:36:36.013 [main] DEBUG org.springframework.test.context.support.AbstractDelegatingSmartContextLoader - Delegating to AnnotationConfigContextLoader to process context configuration [ContextConfigurationAttributes@19d481b declaringClass = 'com.elena.elena.routing.RouterTest', classes = '{class com.elena.elena.TestConfiguration}', locations = '{}', inheritLocations = true, initializers = '{}', inheritInitializers = true, name = [null], contextLoaderClass = 'org.springframework.test.context.ContextLoader'].
23:36:36.017 [main] DEBUG org.springframework.test.context.support.ActiveProfilesUtils - Could not find an 'annotation declaring class' for annotation type [org.springframework.test.context.ActiveProfiles] and class [com.elena.elena.routing.RouterTest]
23:36:36.032 [main] DEBUG org.springframework.test.context.support.DefaultTestContextBootstrapper - @TestExecutionListeners is not present for class [com.elena.elena.routing.RouterTest]: using defaults.
23:36:36.033 [main] INFO org.springframework.test.context.support.DefaultTestContextBootstrapper - Loaded default TestExecutionListener class names from location [META-INF/spring.factories]: [org.springframework.boot.test.mock.mockito.MockitoTestExecutionListener, org.springframework.boot.test.mock.mockito.ResetMocksTestExecutionListener, org.springframework.boot.test.autoconfigure.restdocs.RestDocsTestExecutionListener, org.springframework.boot.test.autoconfigure.web.client.MockRestServiceServerResetTestExecutionListener, org.springframework.boot.test.autoconfigure.web.servlet.MockMvcPrintOnlyOnFailureTestExecutionListener, org.springframework.boot.test.autoconfigure.web.servlet.WebDriverTestExecutionListener, org.springframework.test.context.web.ServletTestExecutionListener, org.springframework.test.context.support.DirtiesContextBeforeModesTestExecutionListener, org.springframework.test.context.support.DependencyInjectionTestExecutionListener, org.springframework.test.context.support.DirtiesContextTestExecutionListener, org.springframework.test.context.transaction.TransactionalTestExecutionListener, org.springframework.test.context.jdbc.SqlScriptsTestExecutionListener, org.springframework.test.context.event.EventPublishingTestExecutionListener]
23:36:36.037 [main] INFO org.springframework.test.context.support.DefaultTestContextBootstrapper - Using TestExecutionListeners: [org.springframework.test.context.web.ServletTestExecutionListener@1f97cf0d, org.springframework.test.context.support.DirtiesContextBeforeModesTestExecutionListener@140c9f39, org.springframework.boot.test.mock.mockito.MockitoTestExecutionListener@4d910fd6, org.springframework.test.context.support.DependencyInjectionTestExecutionListener@26275bef, org.springframework.test.context.support.DirtiesContextTestExecutionListener@7690781, org.springframework.test.context.transaction.TransactionalTestExecutionListener@77eca502, org.springframework.test.context.jdbc.SqlScriptsTestExecutionListener@3246fb96, org.springframework.test.context.event.EventPublishingTestExecutionListener@2e222612, org.springframework.boot.test.mock.mockito.ResetMocksTestExecutionListener@61386958, org.springframework.boot.test.autoconfigure.restdocs.RestDocsTestExecutionListener@73ee04c8, org.springframework.boot.test.autoconfigure.web.client.MockRestServiceServerResetTestExecutionListener@7671cb68, org.springframework.boot.test.autoconfigure.web.servlet.MockMvcPrintOnlyOnFailureTestExecutionListener@49dc7102, org.springframework.boot.test.autoconfigure.web.servlet.WebDriverTestExecutionListener@6b8ca3c8]
23:36:36.042 [main] DEBUG org.springframework.test.annotation.ProfileValueUtils - Retrieved @ProfileValueSourceConfiguration [null] for test class [com.elena.elena.routing.RouterTest]
23:36:36.045 [main] DEBUG org.springframework.test.annotation.ProfileValueUtils - Retrieved ProfileValueSource type [class org.springframework.test.annotation.SystemProfileValueSource] for class [com.elena.elena.routing.RouterTest]
23:36:36.082 [main] DEBUG org.springframework.test.context.junit4.SpringJUnit4ClassRunner - SpringJUnit4ClassRunner constructor called with [class com.elena.elena.autocomplete.AutoCompleteTest]
23:36:36.083 [main] DEBUG org.springframework.test.context.BootstrapUtils - Instantiating CacheAwareContextLoaderDelegate from class [org.springframework.test.context.cache.DefaultCacheAwareContextLoaderDelegate]
23:36:36.084 [main] DEBUG org.springframework.test.context.BootstrapUtils - Instantiating BootstrapContext using constructor [public org.springframework.test.context.support.DefaultBootstrapContext(java.lang.Class,org.springframework.test.context.CacheAwareContextLoaderDelegate)]
23:36:36.086 [main] DEBUG org.springframework.test.context.BootstrapUtils - Instantiating TestContextBootstrapper for test class [com.elena.elena.autocomplete.AutoCompleteTest] from class [org.springframework.test.context.support.DefaultTestContextBootstrapper]
23:36:36.090 [main] DEBUG org.springframework.test.context.support.AbstractDelegatingSmartContextLoader - Delegating to AnnotationConfigContextLoader to process context configuration [ContextConfigurationAttributes@c333c60 declaringClass = 'com.elena.elena.autocomplete.AutoCompleteTest', classes = '{class com.elena.elena.TestConfiguration}', locations = '{}', inheritLocations = true, initializers = '{}', inheritInitializers = true, name = [null], contextLoaderClass = 'org.springframework.test.context.ContextLoader'].
23:36:36.096 [main] DEBUG org.springframework.test.context.support.ActiveProfilesUtils - Could not find an 'annotation declaring class' for annotation type [org.springframework.test.context.ActiveProfiles] and class [com.elena.elena.autocomplete.AutoCompleteTest]
23:36:36.098 [main] DEBUG org.springframework.test.context.support.DefaultTestContextBootstrapper - @TestExecutionListeners is not present for class [com.elena.elena.autocomplete.AutoCompleteTest]: using defaults.
23:36:36.099 [main] INFO org.springframework.test.context.support.DefaultTestContextBootstrapper - Loaded default TestExecutionListener class names from location [META-INF/spring.factories]: [org.springframework.boot.test.mock.mockito.MockitoTestExecutionListener, org.springframework.boot.test.mock.mockito.ResetMocksTestExecutionListener, org.springframework.boot.test.autoconfigure.restdocs.RestDocsTestExecutionListener, org.springframework.boot.test.autoconfigure.web.client.MockRestServiceServerResetTestExecutionListener, org.springframework.boot.test.autoconfigure.web.servlet.MockMvcPrintOnlyOnFailureTestExecutionListener, org.springframework.boot.test.autoconfigure.web.servlet.WebDriverTestExecutionListener, org.springframework.test.context.web.ServletTestExecutionListener, org.springframework.test.context.support.DirtiesContextBeforeModesTestExecutionListener, org.springframework.test.context.support.DependencyInjectionTestExecutionListener, org.springframework.test.context.support.DirtiesContextTestExecutionListener, org.springframework.test.context.transaction.TransactionalTestExecutionListener, org.springframework.test.context.jdbc.SqlScriptsTestExecutionListener, org.springframework.test.context.event.EventPublishingTestExecutionListener]
23:36:36.103 [main] INFO org.springframework.test.context.support.DefaultTestContextBootstrapper - Using TestExecutionListeners: [org.springframework.test.context.web.ServletTestExecutionListener@79da8dc5, org.springframework.test.context.support.DirtiesContextBeforeModesTestExecutionListener@1eb5174b, org.springframework.boot.test.mock.mockito.MockitoTestExecutionListener@67080771, org.springframework.test.context.support.DependencyInjectionTestExecutionListener@72cde7cc, org.springframework.test.context.support.DirtiesContextTestExecutionListener@5fd4f8f5, org.springframework.test.context.transaction.TransactionalTestExecutionListener@696da30b, org.springframework.test.context.jdbc.SqlScriptsTestExecutionListener@4e7912d8, org.springframework.test.context.event.EventPublishingTestExecutionListener@53976f5c, org.springframework.boot.test.mock.mockito.ResetMocksTestExecutionListener@2bfc268b, org.springframework.boot.test.autoconfigure.restdocs.RestDocsTestExecutionListener@2f8dad04, org.springframework.boot.test.autoconfigure.web.client.MockRestServiceServerResetTestExecutionListener@29e495ff, org.springframework.boot.test.autoconfigure.web.servlet.MockMvcPrintOnlyOnFailureTestExecutionListener@41e1e210, org.springframework.boot.test.autoconfigure.web.servlet.WebDriverTestExecutionListener@be35cd9]
23:36:36.107 [main] DEBUG org.springframework.test.annotation.ProfileValueUtils - Retrieved @ProfileValueSourceConfiguration [null] for test class [com.elena.elena.autocomplete.AutoCompleteTest]
23:36:36.108 [main] DEBUG org.springframework.test.annotation.ProfileValueUtils - Retrieved ProfileValueSource type [class org.springframework.test.annotation.SystemProfileValueSource] for class [com.elena.elena.autocomplete.AutoCompleteTest]
23:36:36.110 [main] DEBUG org.springframework.test.context.junit4.SpringJUnit4ClassRunner - SpringJUnit4ClassRunner constructor called with [class com.elena.elena.routing.RouterTest]
23:36:36.112 [main] DEBUG org.springframework.test.context.BootstrapUtils - Instantiating CacheAwareContextLoaderDelegate from class [org.springframework.test.context.cache.DefaultCacheAwareContextLoaderDelegate]
23:36:36.114 [main] DEBUG org.springframework.test.context.BootstrapUtils - Instantiating BootstrapContext using constructor [public org.springframework.test.context.support.DefaultBootstrapContext(java.lang.Class,org.springframework.test.context.CacheAwareContextLoaderDelegate)]
23:36:36.115 [main] DEBUG org.springframework.test.context.BootstrapUtils - Instantiating TestContextBootstrapper for test class [com.elena.elena.routing.RouterTest] from class [org.springframework.test.context.support.DefaultTestContextBootstrapper]
23:36:36.117 [main] DEBUG org.springframework.test.context.support.AbstractDelegatingSmartContextLoader - Delegating to AnnotationConfigContextLoader to process context configuration [ContextConfigurationAttributes@1ba9117e declaringClass = 'com.elena.elena.routing.RouterTest', classes = '{class com.elena.elena.TestConfiguration}', locations = '{}', inheritLocations = true, initializers = '{}', inheritInitializers = true, name = [null], contextLoaderClass = 'org.springframework.test.context.ContextLoader'].
23:36:36.125 [main] DEBUG org.springframework.test.context.support.ActiveProfilesUtils - Could not find an 'annotation declaring class' for annotation type [org.springframework.test.context.ActiveProfiles] and class [com.elena.elena.routing.RouterTest]
23:36:36.127 [main] DEBUG org.springframework.test.context.support.DefaultTestContextBootstrapper - @TestExecutionListeners is not present for class [com.elena.elena.routing.RouterTest]: using defaults.
23:36:36.128 [main] INFO org.springframework.test.context.support.DefaultTestContextBootstrapper - Loaded default TestExecutionListener class names from location [META-INF/spring.factories]: [org.springframework.boot.test.mock.mockito.MockitoTestExecutionListener, org.springframework.boot.test.mock.mockito.ResetMocksTestExecutionListener, org.springframework.boot.test.autoconfigure.restdocs.RestDocsTestExecutionListener, org.springframework.boot.test.autoconfigure.web.client.MockRestServiceServerResetTestExecutionListener, org.springframework.boot.test.autoconfigure.web.servlet.MockMvcPrintOnlyOnFailureTestExecutionListener, org.springframework.boot.test.autoconfigure.web.servlet.WebDriverTestExecutionListener, org.springframework.test.context.web.ServletTestExecutionListener, org.springframework.test.context.support.DirtiesContextBeforeModesTestExecutionListener, org.springframework.test.context.support.DependencyInjectionTestExecutionListener, org.springframework.test.context.support.DirtiesContextTestExecutionListener, org.springframework.test.context.transaction.TransactionalTestExecutionListener, org.springframework.test.context.jdbc.SqlScriptsTestExecutionListener, org.springframework.test.context.event.EventPublishingTestExecutionListener]
23:36:36.129 [main] INFO org.springframework.test.context.support.DefaultTestContextBootstrapper - Using TestExecutionListeners: [org.springframework.test.context.web.ServletTestExecutionListener@732c2a62, org.springframework.test.context.support.DirtiesContextBeforeModesTestExecutionListener@272ed83b, org.springframework.boot.test.mock.mockito.MockitoTestExecutionListener@41fecb8b, org.springframework.test.context.support.DependencyInjectionTestExecutionListener@120f102b, org.springframework.test.context.support.DirtiesContextTestExecutionListener@625732, org.springframework.test.context.transaction.TransactionalTestExecutionListener@51dcb805, org.springframework.test.context.jdbc.SqlScriptsTestExecutionListener@66498326, org.springframework.test.context.event.EventPublishingTestExecutionListener@cad498c, org.springframework.boot.test.mock.mockito.ResetMocksTestExecutionListener@1e6454ec, org.springframework.boot.test.autoconfigure.restdocs.RestDocsTestExecutionListener@2accdbb5, org.springframework.boot.test.autoconfigure.web.client.MockRestServiceServerResetTestExecutionListener@b62d79, org.springframework.boot.test.autoconfigure.web.servlet.MockMvcPrintOnlyOnFailureTestExecutionListener@6631f5ca, org.springframework.boot.test.autoconfigure.web.servlet.WebDriverTestExecutionListener@5ace1ed4]
23:36:36.135 [main] DEBUG org.springframework.test.annotation.ProfileValueUtils - Retrieved @ProfileValueSourceConfiguration [null] for test class [com.elena.elena.routing.RouterTest]
23:36:36.135 [main] DEBUG org.springframework.test.annotation.ProfileValueUtils - Retrieved ProfileValueSource type [class org.springframework.test.annotation.SystemProfileValueSource] for class [com.elena.elena.routing.RouterTest]
]]></system-out>
  </testcase>
  <testcase name="yenTest" classname="routing.RouterTest" time="0.008">
    <error message="&apos;void com.elena.elena.routing.YenRouter.&lt;init&gt;(int, com.elena.elena.routing.Algorithm)&apos;" type="java.lang.NoSuchMethodError"><![CDATA[java.lang.NoSuchMethodError: 'void com.elena.elena.routing.YenRouter.<init>(int, com.elena.elena.routing.Algorithm)'
	at routing.RouterTest.setUp(RouterTest.java:37)
]]></error>
  </testcase>
</testsuite>